running egg_info
creating ../../build/gradua/gradua.egg-info
writing ../../build/gradua/gradua.egg-info/PKG-INFO
writing dependency_links to ../../build/gradua/gradua.egg-info/dependency_links.txt
writing entry points to ../../build/gradua/gradua.egg-info/entry_points.txt
writing requirements to ../../build/gradua/gradua.egg-info/requires.txt
writing top-level names to ../../build/gradua/gradua.egg-info/top_level.txt
writing manifest file '../../build/gradua/gradua.egg-info/SOURCES.txt'
reading manifest file '../../build/gradua/gradua.egg-info/SOURCES.txt'
writing manifest file '../../build/gradua/gradua.egg-info/SOURCES.txt'
running build
running build_py
creating /home/lsx/Graduation/build/gradua/build
creating /home/lsx/Graduation/build/gradua/build/lib
creating /home/lsx/Graduation/build/gradua/build/lib/gradua
copying gradua/camera_preview_node.py -> /home/lsx/Graduation/build/gradua/build/lib/gradua
copying gradua/__init__.py -> /home/lsx/Graduation/build/gradua/build/lib/gradua
running install
running install_lib
creating /home/lsx/Graduation/install/gradua/lib/python3.10/site-packages/gradua
copying /home/lsx/Graduation/build/gradua/build/lib/gradua/camera_preview_node.py -> /home/lsx/Graduation/install/gradua/lib/python3.10/site-packages/gradua
copying /home/lsx/Graduation/build/gradua/build/lib/gradua/__init__.py -> /home/lsx/Graduation/install/gradua/lib/python3.10/site-packages/gradua
byte-compiling /home/lsx/Graduation/install/gradua/lib/python3.10/site-packages/gradua/camera_preview_node.py to camera_preview_node.cpython-310.pyc
byte-compiling /home/lsx/Graduation/install/gradua/lib/python3.10/site-packages/gradua/__init__.py to __init__.cpython-310.pyc
running install_data
creating /home/lsx/Graduation/install/gradua/share/ament_index
creating /home/lsx/Graduation/install/gradua/share/ament_index/resource_index
creating /home/lsx/Graduation/install/gradua/share/ament_index/resource_index/packages
copying resource/gradua -> /home/lsx/Graduation/install/gradua/share/ament_index/resource_index/packages
copying package.xml -> /home/lsx/Graduation/install/gradua/share/gradua
creating /home/lsx/Graduation/install/gradua/share/gradua/launch
copying launch/camera_preview.launch.py -> /home/lsx/Graduation/install/gradua/share/gradua/launch
running install_egg_info
Copying ../../build/gradua/gradua.egg-info to /home/lsx/Graduation/install/gradua/lib/python3.10/site-packages/gradua-0.0.1-py3.10.egg-info
running install_scripts
Installing camera_preview script to /home/lsx/Graduation/install/gradua/lib/gradua
writing list of installed files to '/home/lsx/Graduation/build/gradua/install.log'
