[0.394s] Invoking command in '/home/lsx/Graduation/src/Gradua': PYTHONPATH=/home/lsx/Graduation/build/gradua/prefix_override:/usr/lib/python3/dist-packages/colcon_core/task/python/colcon_distutils_commands:/home/lsx/Graduation/install/gradua/lib/python3.10/site-packages:${PYTHONPATH} /usr/bin/python3 -W ignore:setup.py install is deprecated -W ignore:easy_install command is deprecated setup.py egg_info --egg-base ../../build/gradua build --build-base /home/lsx/Graduation/build/gradua/build install --record /home/lsx/Graduation/build/gradua/install.log --single-version-externally-managed install_data
[0.519s] running egg_info
[0.520s] creating ../../build/gradua/gradua.egg-info
[0.520s] writing ../../build/gradua/gradua.egg-info/PKG-INFO
[0.520s] writing dependency_links to ../../build/gradua/gradua.egg-info/dependency_links.txt
[0.521s] writing entry points to ../../build/gradua/gradua.egg-info/entry_points.txt
[0.521s] writing requirements to ../../build/gradua/gradua.egg-info/requires.txt
[0.521s] writing top-level names to ../../build/gradua/gradua.egg-info/top_level.txt
[0.521s] writing manifest file '../../build/gradua/gradua.egg-info/SOURCES.txt'
[0.522s] reading manifest file '../../build/gradua/gradua.egg-info/SOURCES.txt'
[0.522s] writing manifest file '../../build/gradua/gradua.egg-info/SOURCES.txt'
[0.522s] running build
[0.522s] running build_py
[0.522s] creating /home/lsx/Graduation/build/gradua/build
[0.522s] creating /home/lsx/Graduation/build/gradua/build/lib
[0.522s] creating /home/lsx/Graduation/build/gradua/build/lib/gradua
[0.522s] copying gradua/camera_preview_node.py -> /home/lsx/Graduation/build/gradua/build/lib/gradua
[0.522s] copying gradua/__init__.py -> /home/lsx/Graduation/build/gradua/build/lib/gradua
[0.522s] running install
[0.523s] running install_lib
[0.523s] creating /home/lsx/Graduation/install/gradua/lib/python3.10/site-packages/gradua
[0.523s] copying /home/lsx/Graduation/build/gradua/build/lib/gradua/camera_preview_node.py -> /home/lsx/Graduation/install/gradua/lib/python3.10/site-packages/gradua
[0.523s] copying /home/lsx/Graduation/build/gradua/build/lib/gradua/__init__.py -> /home/lsx/Graduation/install/gradua/lib/python3.10/site-packages/gradua
[0.523s] byte-compiling /home/lsx/Graduation/install/gradua/lib/python3.10/site-packages/gradua/camera_preview_node.py to camera_preview_node.cpython-310.pyc
[0.524s] byte-compiling /home/lsx/Graduation/install/gradua/lib/python3.10/site-packages/gradua/__init__.py to __init__.cpython-310.pyc
[0.524s] running install_data
[0.524s] creating /home/lsx/Graduation/install/gradua/share/ament_index
[0.524s] creating /home/lsx/Graduation/install/gradua/share/ament_index/resource_index
[0.524s] creating /home/lsx/Graduation/install/gradua/share/ament_index/resource_index/packages
[0.524s] copying resource/gradua -> /home/lsx/Graduation/install/gradua/share/ament_index/resource_index/packages
[0.524s] copying package.xml -> /home/lsx/Graduation/install/gradua/share/gradua
[0.524s] creating /home/lsx/Graduation/install/gradua/share/gradua/launch
[0.524s] copying launch/camera_preview.launch.py -> /home/lsx/Graduation/install/gradua/share/gradua/launch
[0.524s] running install_egg_info
[0.525s] Copying ../../build/gradua/gradua.egg-info to /home/lsx/Graduation/install/gradua/lib/python3.10/site-packages/gradua-0.0.1-py3.10.egg-info
[0.526s] running install_scripts
[0.539s] Installing camera_preview script to /home/lsx/Graduation/install/gradua/lib/gradua
[0.539s] writing list of installed files to '/home/lsx/Graduation/build/gradua/install.log'
[0.554s] Invoked command in '/home/lsx/Graduation/src/Gradua' returned '0': PYTHONPATH=/home/lsx/Graduation/build/gradua/prefix_override:/usr/lib/python3/dist-packages/colcon_core/task/python/colcon_distutils_commands:/home/lsx/Graduation/install/gradua/lib/python3.10/site-packages:${PYTHONPATH} /usr/bin/python3 -W ignore:setup.py install is deprecated -W ignore:easy_install command is deprecated setup.py egg_info --egg-base ../../build/gradua build --build-base /home/lsx/Graduation/build/gradua/build install --record /home/lsx/Graduation/build/gradua/install.log --single-version-externally-managed install_data
