[0.344s] Invoking command in '/home/lsx/Graduation/src/Gradua': PYTHONPATH=/home/lsx/Graduation/build/gradua/prefix_override:/usr/lib/python3/dist-packages/colcon_core/task/python/colcon_distutils_commands:/home/lsx/Graduation/install/gradua/lib/python3.10/site-packages:${PYTHONPATH} /usr/bin/python3 -W ignore:setup.py install is deprecated -W ignore:easy_install command is deprecated setup.py egg_info --egg-base ../../build/gradua build --build-base /home/lsx/Graduation/build/gradua/build install --record /home/lsx/Graduation/build/gradua/install.log --single-version-externally-managed install_data
[0.463s] running egg_info
[0.463s] writing ../../build/gradua/gradua.egg-info/PKG-INFO
[0.463s] writing dependency_links to ../../build/gradua/gradua.egg-info/dependency_links.txt
[0.463s] writing entry points to ../../build/gradua/gradua.egg-info/entry_points.txt
[0.464s] writing requirements to ../../build/gradua/gradua.egg-info/requires.txt
[0.464s] writing top-level names to ../../build/gradua/gradua.egg-info/top_level.txt
[0.464s] reading manifest file '../../build/gradua/gradua.egg-info/SOURCES.txt'
[0.465s] writing manifest file '../../build/gradua/gradua.egg-info/SOURCES.txt'
[0.465s] running build
[0.465s] running build_py
[0.465s] copying gradua/undistort_preview_node.py -> /home/lsx/Graduation/build/gradua/build/lib/gradua
[0.465s] running install
[0.465s] running install_lib
[0.465s] copying /home/lsx/Graduation/build/gradua/build/lib/gradua/undistort_preview_node.py -> /home/lsx/Graduation/install/gradua/lib/python3.10/site-packages/gradua
[0.466s] byte-compiling /home/lsx/Graduation/install/gradua/lib/python3.10/site-packages/gradua/undistort_preview_node.py to undistort_preview_node.cpython-310.pyc
[0.466s] running install_data
[0.466s] running install_egg_info
[0.467s] removing '/home/lsx/Graduation/install/gradua/lib/python3.10/site-packages/gradua-0.0.1-py3.10.egg-info' (and everything under it)
[0.467s] Copying ../../build/gradua/gradua.egg-info to /home/lsx/Graduation/install/gradua/lib/python3.10/site-packages/gradua-0.0.1-py3.10.egg-info
[0.468s] running install_scripts
[0.481s] Installing camera_preview script to /home/lsx/Graduation/install/gradua/lib/gradua
[0.482s] Installing undistort_preview script to /home/lsx/Graduation/install/gradua/lib/gradua
[0.482s] writing list of installed files to '/home/lsx/Graduation/build/gradua/install.log'
[0.495s] Invoked command in '/home/lsx/Graduation/src/Gradua' returned '0': PYTHONPATH=/home/lsx/Graduation/build/gradua/prefix_override:/usr/lib/python3/dist-packages/colcon_core/task/python/colcon_distutils_commands:/home/lsx/Graduation/install/gradua/lib/python3.10/site-packages:${PYTHONPATH} /usr/bin/python3 -W ignore:setup.py install is deprecated -W ignore:easy_install command is deprecated setup.py egg_info --egg-base ../../build/gradua build --build-base /home/lsx/Graduation/build/gradua/build install --record /home/lsx/Graduation/build/gradua/install.log --single-version-externally-managed install_data
