running egg_info
writing ../../build/gradua/gradua.egg-info/PKG-INFO
writing dependency_links to ../../build/gradua/gradua.egg-info/dependency_links.txt
writing entry points to ../../build/gradua/gradua.egg-info/entry_points.txt
writing requirements to ../../build/gradua/gradua.egg-info/requires.txt
writing top-level names to ../../build/gradua/gradua.egg-info/top_level.txt
reading manifest file '../../build/gradua/gradua.egg-info/SOURCES.txt'
writing manifest file '../../build/gradua/gradua.egg-info/SOURCES.txt'
running build
running build_py
copying gradua/undistort_preview_node.py -> /home/lsx/Graduation/build/gradua/build/lib/gradua
running install
running install_lib
copying /home/lsx/Graduation/build/gradua/build/lib/gradua/undistort_preview_node.py -> /home/lsx/Graduation/install/gradua/lib/python3.10/site-packages/gradua
byte-compiling /home/lsx/Graduation/install/gradua/lib/python3.10/site-packages/gradua/undistort_preview_node.py to undistort_preview_node.cpython-310.pyc
running install_data
running install_egg_info
removing '/home/lsx/Graduation/install/gradua/lib/python3.10/site-packages/gradua-0.0.1-py3.10.egg-info' (and everything under it)
Copying ../../build/gradua/gradua.egg-info to /home/lsx/Graduation/install/gradua/lib/python3.10/site-packages/gradua-0.0.1-py3.10.egg-info
running install_scripts
Installing camera_preview script to /home/lsx/Graduation/install/gradua/lib/gradua
Installing undistort_preview script to /home/lsx/Graduation/install/gradua/lib/gradua
writing list of installed files to '/home/lsx/Graduation/build/gradua/install.log'
