\BOOKMARK [0][-]{chapter.1}{\376\377\176\352\213\272}{}% 1
\BOOKMARK [1][-]{section.1.1}{\376\377\170\024\172\166\200\314\146\157\123\312\141\017\116\111}{chapter.1}% 2
\BOOKMARK [1][-]{section.1.2}{\376\377\126\375\121\205\131\026\166\370\121\163\170\024\172\166\163\260\162\266}{chapter.1}% 3
\BOOKMARK [2][-]{subsection.1.2.1}{\376\377\154\064\116\013\122\032\140\047\147\072\150\260\201\302\170\024\172\166\163\260\162\266}{section.1.2}% 4
\BOOKMARK [2][-]{subsection.1.2.2}{\376\377\176\363\232\161\217\336\176\355\117\123\116\016\217\157\117\123\147\072\126\150\116\272\170\024\172\166\163\260\162\266}{section.1.2}% 5
\BOOKMARK [2][-]{subsection.1.2.3}{\376\377\166\356\150\007\150\300\155\113\170\024\172\166\163\260\162\266}{section.1.2}% 6
\BOOKMARK [2][-]{subsection.1.2.4}{\376\377\211\306\211\311\117\072\147\015\170\024\172\166\163\260\162\266}{section.1.2}% 7
\BOOKMARK [2][-]{subsection.1.2.5}{\376\377\147\054\145\207\122\007\121\145\160\271}{section.1.2}% 8
\BOOKMARK [1][-]{section.1.3}{\376\377\116\073\211\201\170\024\172\166\121\205\133\271}{chapter.1}% 9
\BOOKMARK [0][-]{chapter.2}{\376\377\123\314\121\163\202\202\121\155\176\363\232\161\122\250\217\157\117\123\147\072\126\150\116\272\174\373\176\337\145\271\150\110\116\016\176\323\147\204\213\276\213\241}{}% 10
\BOOKMARK [1][-]{section.2.1}{\376\377\174\373\176\337\140\073\117\123\145\271\150\110}{chapter.2}% 11
\BOOKMARK [1][-]{section.2.2}{\376\377\123\314\121\163\202\202\121\155\176\363\232\161\122\250\147\072\147\204\213\276\213\241}{chapter.2}% 12
\BOOKMARK [1][-]{section.2.3}{\376\377\170\154\116\366\176\304\142\020\116\016\143\247\122\066\224\376\215\357}{chapter.2}% 13
\BOOKMARK [1][-]{section.2.4}{\376\377\147\054\172\340\134\017\176\323}{chapter.2}% 14
\BOOKMARK [0][-]{chapter.3}{\376\377\123\125\166\356\211\306\211\311\150\300\155\113\116\016\166\356\150\007\213\357\135\356\143\320\123\326\145\271\154\325}{}% 15
\BOOKMARK [1][-]{section.3.1}{\376\377\123\125\166\356\166\370\147\072\150\007\133\232\116\016\123\273\165\170\123\330}{chapter.3}% 16
\BOOKMARK [1][-]{section.3.2}{\376\377\145\160\143\156\226\306\147\204\136\372\116\016\155\167\123\302\150\300\155\113\152\041\127\213\213\255\176\303}{chapter.3}% 17
\BOOKMARK [1][-]{section.3.3}{\376\377\166\356\150\007\215\337\216\052\116\016\126\376\120\317\213\357\135\356\143\320\123\326}{chapter.3}% 18
\BOOKMARK [1][-]{section.3.4}{\376\377\147\054\172\340\134\017\176\323}{chapter.3}% 19
\BOOKMARK [0][-]{chapter.4}{\376\377\227\142\124\021\121\155\202\065\147\072\176\363\232\161\174\373\176\337\166\204\211\306\211\311\117\072\147\015\143\247\122\066\145\271\154\325}{}% 20
\BOOKMARK [1][-]{section.4.1}{\376\377\143\247\122\066\166\356\150\007\116\016\133\236\163\260\176\246\147\137}{chapter.4}% 21
\BOOKMARK [1][-]{section.4.2}{\376\377\123\125\121\163\202\202\217\320\122\250\133\146\152\041\127\213\116\016\127\372\147\054\120\107\213\276}{chapter.4}% 22
\BOOKMARK [1][-]{section.4.3}{\376\377\232\161\122\250\172\172\225\364\116\016\121\163\202\202\172\172\225\364\153\143\220\006\217\320\122\250\133\146}{chapter.4}% 23
\BOOKMARK [1][-]{section.4.4}{\376\377\121\163\202\202\172\172\225\364\116\016\144\315\117\134\172\172\225\364\153\143\220\006\217\320\122\250\133\146}{chapter.4}% 24
\BOOKMARK [1][-]{section.4.5}{\376\377\147\053\172\357\131\377\140\001\116\016\237\120\153\041\123\330\143\142\167\351\226\065}{chapter.4}% 25
\BOOKMARK [1][-]{section.4.6}{\376\377\126\376\120\317\213\357\135\356\122\060\121\155\202\065\147\072\143\247\122\066\221\317\166\204\173\200\123\026\146\040\134\004}{chapter.4}% 26
\BOOKMARK [1][-]{section.4.7}{\376\377\116\062\123\343\166\364\143\247\116\016\133\211\121\150\176\246\147\137}{chapter.4}% 27
\BOOKMARK [1][-]{section.4.8}{\376\377\147\054\172\340\134\017\176\323}{chapter.4}% 28
\BOOKMARK [0][-]{chapter.5}{\376\377\133\236\232\214\136\163\123\360\144\055\136\372\116\016\232\214\213\301\145\271\150\110}{}% 29
\BOOKMARK [1][-]{section.5.1}{\376\377\133\236\232\214\166\356\150\007\116\016\226\066\153\265\133\211\143\222}{chapter.5}% 30
\BOOKMARK [1][-]{section.5.2}{\376\377\211\306\211\311\217\223\121\145\232\214\213\301}{chapter.5}% 31
\BOOKMARK [1][-]{section.5.3}{\376\377\150\300\155\113\116\016\215\337\216\052\176\323\147\234\122\006\147\220}{chapter.5}% 32
\BOOKMARK [1][-]{section.5.4}{\376\377\142\147\210\114\224\376\215\357\116\016\225\355\163\257\133\236\232\214\213\276\213\241}{chapter.5}% 33
\BOOKMARK [1][-]{section.5.5}{\376\377\147\054\172\340\134\017\176\323}{chapter.5}% 34
\BOOKMARK [0][-]{chapter.6}{\376\377\176\323\213\272\116\016\134\125\147\033}{}% 35
\BOOKMARK [1][-]{section.6.1}{\376\377\176\323\213\272}{chapter.6}% 36
\BOOKMARK [1][-]{section.6.2}{\376\377\134\125\147\033}{chapter.6}% 37
