[0.053s] DEBUG:colcon:Command line arguments: ['/usr/bin/colcon', 'list']
[0.053s] DEBUG:colcon:Parsed command line arguments: Namespace(log_base=None, log_level=None, verb_name='list', build_base='build', ignore_user_meta=False, metas=['./colcon.meta'], base_paths=['.'], packages_ignore=None, packages_ignore_regex=None, paths=None, packages_up_to=None, packages_up_to_regex=None, packages_above=None, packages_above_and_dependencies=None, packages_above_depth=None, packages_select_by_dep=None, packages_skip_by_dep=None, packages_skip_up_to=None, packages_select_build_failed=False, packages_skip_build_finished=False, packages_select_test_failures=False, packages_skip_test_passed=False, packages_select=None, packages_skip=None, packages_select_regex=None, packages_skip_regex=None, packages_start=None, packages_end=None, allow_overriding=[], topological_order=False, names_only=False, paths_only=False, topological_graph=False, topological_graph_dot=False, topological_graph_density=False, topological_graph_legend=False, topological_graph_dot_cluster=False, topological_graph_dot_include_skipped=False, verb_parser=<colcon_defaults.argument_parser.defaults.DefaultArgumentsDecorator object at 0x735914c75000>, verb_extension=<colcon_package_information.verb.list.ListVerb object at 0x735914d718a0>, main=<bound method ListVerb.main of <colcon_package_information.verb.list.ListVerb object at 0x735914d718a0>>)
[0.135s] Level 1:colcon.colcon_core.package_discovery:discover_packages(colcon_meta) check parameters
[0.135s] Level 1:colcon.colcon_core.package_discovery:discover_packages(recursive) check parameters
[0.136s] Level 1:colcon.colcon_core.package_discovery:discover_packages(ignore) check parameters
[0.136s] Level 1:colcon.colcon_core.package_discovery:discover_packages(path) check parameters
[0.136s] Level 1:colcon.colcon_core.package_discovery:discover_packages(colcon_meta) discover
[0.136s] Level 1:colcon.colcon_core.package_discovery:discover_packages(recursive) discover
[0.136s] INFO:colcon.colcon_core.package_discovery:Crawling recursively for packages in '/home/lsx/Graduation'
[0.136s] Level 1:colcon.colcon_core.package_identification:_identify(.) by extensions ['ignore', 'ignore_ament_install']
[0.136s] Level 1:colcon.colcon_core.package_identification:_identify(.) by extension 'ignore'
[0.136s] Level 1:colcon.colcon_core.package_identification:_identify(.) by extension 'ignore_ament_install'
[0.136s] Level 1:colcon.colcon_core.package_identification:_identify(.) by extensions ['colcon_pkg']
[0.136s] Level 1:colcon.colcon_core.package_identification:_identify(.) by extension 'colcon_pkg'
[0.136s] Level 1:colcon.colcon_core.package_identification:_identify(.) by extensions ['colcon_meta']
[0.136s] Level 1:colcon.colcon_core.package_identification:_identify(.) by extension 'colcon_meta'
[0.136s] Level 1:colcon.colcon_core.package_identification:_identify(.) by extensions ['ros']
[0.136s] Level 1:colcon.colcon_core.package_identification:_identify(.) by extension 'ros'
[0.142s] Level 1:colcon.colcon_core.package_identification:_identify(.) by extensions ['cmake', 'python']
[0.142s] Level 1:colcon.colcon_core.package_identification:_identify(.) by extension 'cmake'
[0.142s] Level 1:colcon.colcon_core.package_identification:_identify(.) by extension 'python'
[0.142s] Level 1:colcon.colcon_core.package_identification:_identify(.) by extensions ['python_setup_py']
[0.142s] Level 1:colcon.colcon_core.package_identification:_identify(.) by extension 'python_setup_py'
[0.142s] Level 1:colcon.colcon_core.package_identification:_identify(build) by extensions ['ignore', 'ignore_ament_install']
[0.143s] Level 1:colcon.colcon_core.package_identification:_identify(build) by extension 'ignore'
[0.143s] Level 1:colcon.colcon_core.package_identification:_identify(build) ignored
[0.143s] Level 1:colcon.colcon_core.package_identification:_identify(data) by extensions ['ignore', 'ignore_ament_install']
[0.143s] Level 1:colcon.colcon_core.package_identification:_identify(data) by extension 'ignore'
[0.143s] Level 1:colcon.colcon_core.package_identification:_identify(data) by extension 'ignore_ament_install'
[0.143s] Level 1:colcon.colcon_core.package_identification:_identify(data) by extensions ['colcon_pkg']
[0.143s] Level 1:colcon.colcon_core.package_identification:_identify(data) by extension 'colcon_pkg'
[0.143s] Level 1:colcon.colcon_core.package_identification:_identify(data) by extensions ['colcon_meta']
[0.143s] Level 1:colcon.colcon_core.package_identification:_identify(data) by extension 'colcon_meta'
[0.143s] Level 1:colcon.colcon_core.package_identification:_identify(data) by extensions ['ros']
[0.143s] Level 1:colcon.colcon_core.package_identification:_identify(data) by extension 'ros'
[0.143s] Level 1:colcon.colcon_core.package_identification:_identify(data) by extensions ['cmake', 'python']
[0.143s] Level 1:colcon.colcon_core.package_identification:_identify(data) by extension 'cmake'
[0.143s] Level 1:colcon.colcon_core.package_identification:_identify(data) by extension 'python'
[0.143s] Level 1:colcon.colcon_core.package_identification:_identify(data) by extensions ['python_setup_py']
[0.143s] Level 1:colcon.colcon_core.package_identification:_identify(data) by extension 'python_setup_py'
[0.143s] Level 1:colcon.colcon_core.package_identification:_identify(docs) by extensions ['ignore', 'ignore_ament_install']
[0.143s] Level 1:colcon.colcon_core.package_identification:_identify(docs) by extension 'ignore'
[0.143s] Level 1:colcon.colcon_core.package_identification:_identify(docs) by extension 'ignore_ament_install'
[0.143s] Level 1:colcon.colcon_core.package_identification:_identify(docs) by extensions ['colcon_pkg']
[0.143s] Level 1:colcon.colcon_core.package_identification:_identify(docs) by extension 'colcon_pkg'
[0.143s] Level 1:colcon.colcon_core.package_identification:_identify(docs) by extensions ['colcon_meta']
[0.143s] Level 1:colcon.colcon_core.package_identification:_identify(docs) by extension 'colcon_meta'
[0.143s] Level 1:colcon.colcon_core.package_identification:_identify(docs) by extensions ['ros']
[0.143s] Level 1:colcon.colcon_core.package_identification:_identify(docs) by extension 'ros'
[0.143s] Level 1:colcon.colcon_core.package_identification:_identify(docs) by extensions ['cmake', 'python']
[0.143s] Level 1:colcon.colcon_core.package_identification:_identify(docs) by extension 'cmake'
[0.143s] Level 1:colcon.colcon_core.package_identification:_identify(docs) by extension 'python'
[0.143s] Level 1:colcon.colcon_core.package_identification:_identify(docs) by extensions ['python_setup_py']
[0.143s] Level 1:colcon.colcon_core.package_identification:_identify(docs) by extension 'python_setup_py'
[0.143s] Level 1:colcon.colcon_core.package_identification:_identify(docs/generated_figures) by extensions ['ignore', 'ignore_ament_install']
[0.143s] Level 1:colcon.colcon_core.package_identification:_identify(docs/generated_figures) by extension 'ignore'
[0.143s] Level 1:colcon.colcon_core.package_identification:_identify(docs/generated_figures) by extension 'ignore_ament_install'
[0.143s] Level 1:colcon.colcon_core.package_identification:_identify(docs/generated_figures) by extensions ['colcon_pkg']
[0.143s] Level 1:colcon.colcon_core.package_identification:_identify(docs/generated_figures) by extension 'colcon_pkg'
[0.143s] Level 1:colcon.colcon_core.package_identification:_identify(docs/generated_figures) by extensions ['colcon_meta']
[0.143s] Level 1:colcon.colcon_core.package_identification:_identify(docs/generated_figures) by extension 'colcon_meta'
[0.143s] Level 1:colcon.colcon_core.package_identification:_identify(docs/generated_figures) by extensions ['ros']
[0.143s] Level 1:colcon.colcon_core.package_identification:_identify(docs/generated_figures) by extension 'ros'
[0.143s] Level 1:colcon.colcon_core.package_identification:_identify(docs/generated_figures) by extensions ['cmake', 'python']
[0.143s] Level 1:colcon.colcon_core.package_identification:_identify(docs/generated_figures) by extension 'cmake'
[0.143s] Level 1:colcon.colcon_core.package_identification:_identify(docs/generated_figures) by extension 'python'
[0.143s] Level 1:colcon.colcon_core.package_identification:_identify(docs/generated_figures) by extensions ['python_setup_py']
[0.143s] Level 1:colcon.colcon_core.package_identification:_identify(docs/generated_figures) by extension 'python_setup_py'
[0.143s] Level 1:colcon.colcon_core.package_identification:_identify(experiments) by extensions ['ignore', 'ignore_ament_install']
[0.144s] Level 1:colcon.colcon_core.package_identification:_identify(experiments) by extension 'ignore'
[0.144s] Level 1:colcon.colcon_core.package_identification:_identify(experiments) by extension 'ignore_ament_install'
[0.144s] Level 1:colcon.colcon_core.package_identification:_identify(experiments) by extensions ['colcon_pkg']
[0.144s] Level 1:colcon.colcon_core.package_identification:_identify(experiments) by extension 'colcon_pkg'
[0.144s] Level 1:colcon.colcon_core.package_identification:_identify(experiments) by extensions ['colcon_meta']
[0.144s] Level 1:colcon.colcon_core.package_identification:_identify(experiments) by extension 'colcon_meta'
[0.144s] Level 1:colcon.colcon_core.package_identification:_identify(experiments) by extensions ['ros']
[0.144s] Level 1:colcon.colcon_core.package_identification:_identify(experiments) by extension 'ros'
[0.144s] Level 1:colcon.colcon_core.package_identification:_identify(experiments) by extensions ['cmake', 'python']
[0.144s] Level 1:colcon.colcon_core.package_identification:_identify(experiments) by extension 'cmake'
[0.144s] Level 1:colcon.colcon_core.package_identification:_identify(experiments) by extension 'python'
[0.144s] Level 1:colcon.colcon_core.package_identification:_identify(experiments) by extensions ['python_setup_py']
[0.144s] Level 1:colcon.colcon_core.package_identification:_identify(experiments) by extension 'python_setup_py'
[0.144s] Level 1:colcon.colcon_core.package_identification:_identify(install) by extensions ['ignore', 'ignore_ament_install']
[0.144s] Level 1:colcon.colcon_core.package_identification:_identify(install) by extension 'ignore'
[0.144s] Level 1:colcon.colcon_core.package_identification:_identify(install) ignored
[0.144s] Level 1:colcon.colcon_core.package_identification:_identify(literature) by extensions ['ignore', 'ignore_ament_install']
[0.144s] Level 1:colcon.colcon_core.package_identification:_identify(literature) by extension 'ignore'
[0.144s] Level 1:colcon.colcon_core.package_identification:_identify(literature) by extension 'ignore_ament_install'
[0.144s] Level 1:colcon.colcon_core.package_identification:_identify(literature) by extensions ['colcon_pkg']
[0.144s] Level 1:colcon.colcon_core.package_identification:_identify(literature) by extension 'colcon_pkg'
[0.144s] Level 1:colcon.colcon_core.package_identification:_identify(literature) by extensions ['colcon_meta']
[0.144s] Level 1:colcon.colcon_core.package_identification:_identify(literature) by extension 'colcon_meta'
[0.144s] Level 1:colcon.colcon_core.package_identification:_identify(literature) by extensions ['ros']
[0.144s] Level 1:colcon.colcon_core.package_identification:_identify(literature) by extension 'ros'
[0.144s] Level 1:colcon.colcon_core.package_identification:_identify(literature) by extensions ['cmake', 'python']
[0.144s] Level 1:colcon.colcon_core.package_identification:_identify(literature) by extension 'cmake'
[0.144s] Level 1:colcon.colcon_core.package_identification:_identify(literature) by extension 'python'
[0.144s] Level 1:colcon.colcon_core.package_identification:_identify(literature) by extensions ['python_setup_py']
[0.144s] Level 1:colcon.colcon_core.package_identification:_identify(literature) by extension 'python_setup_py'
[0.144s] Level 1:colcon.colcon_core.package_identification:_identify(log) by extensions ['ignore', 'ignore_ament_install']
[0.144s] Level 1:colcon.colcon_core.package_identification:_identify(log) by extension 'ignore'
[0.144s] Level 1:colcon.colcon_core.package_identification:_identify(log) ignored
[0.144s] Level 1:colcon.colcon_core.package_identification:_identify(paper) by extensions ['ignore', 'ignore_ament_install']
[0.144s] Level 1:colcon.colcon_core.package_identification:_identify(paper) by extension 'ignore'
[0.144s] Level 1:colcon.colcon_core.package_identification:_identify(paper) by extension 'ignore_ament_install'
[0.144s] Level 1:colcon.colcon_core.package_identification:_identify(paper) by extensions ['colcon_pkg']
[0.144s] Level 1:colcon.colcon_core.package_identification:_identify(paper) by extension 'colcon_pkg'
[0.144s] Level 1:colcon.colcon_core.package_identification:_identify(paper) by extensions ['colcon_meta']
[0.144s] Level 1:colcon.colcon_core.package_identification:_identify(paper) by extension 'colcon_meta'
[0.144s] Level 1:colcon.colcon_core.package_identification:_identify(paper) by extensions ['ros']
[0.144s] Level 1:colcon.colcon_core.package_identification:_identify(paper) by extension 'ros'
[0.144s] Level 1:colcon.colcon_core.package_identification:_identify(paper) by extensions ['cmake', 'python']
[0.144s] Level 1:colcon.colcon_core.package_identification:_identify(paper) by extension 'cmake'
[0.144s] Level 1:colcon.colcon_core.package_identification:_identify(paper) by extension 'python'
[0.144s] Level 1:colcon.colcon_core.package_identification:_identify(paper) by extensions ['python_setup_py']
[0.144s] Level 1:colcon.colcon_core.package_identification:_identify(paper) by extension 'python_setup_py'
[0.145s] Level 1:colcon.colcon_core.package_identification:_identify(references) by extensions ['ignore', 'ignore_ament_install']
[0.145s] Level 1:colcon.colcon_core.package_identification:_identify(references) by extension 'ignore'
[0.145s] Level 1:colcon.colcon_core.package_identification:_identify(references) by extension 'ignore_ament_install'
[0.145s] Level 1:colcon.colcon_core.package_identification:_identify(references) by extensions ['colcon_pkg']
[0.145s] Level 1:colcon.colcon_core.package_identification:_identify(references) by extension 'colcon_pkg'
[0.145s] Level 1:colcon.colcon_core.package_identification:_identify(references) by extensions ['colcon_meta']
[0.145s] Level 1:colcon.colcon_core.package_identification:_identify(references) by extension 'colcon_meta'
[0.145s] Level 1:colcon.colcon_core.package_identification:_identify(references) by extensions ['ros']
[0.145s] Level 1:colcon.colcon_core.package_identification:_identify(references) by extension 'ros'
[0.145s] Level 1:colcon.colcon_core.package_identification:_identify(references) by extensions ['cmake', 'python']
[0.145s] Level 1:colcon.colcon_core.package_identification:_identify(references) by extension 'cmake'
[0.145s] Level 1:colcon.colcon_core.package_identification:_identify(references) by extension 'python'
[0.145s] Level 1:colcon.colcon_core.package_identification:_identify(references) by extensions ['python_setup_py']
[0.145s] Level 1:colcon.colcon_core.package_identification:_identify(references) by extension 'python_setup_py'
[0.145s] Level 1:colcon.colcon_core.package_identification:_identify(src) by extensions ['ignore', 'ignore_ament_install']
[0.145s] Level 1:colcon.colcon_core.package_identification:_identify(src) by extension 'ignore'
[0.145s] Level 1:colcon.colcon_core.package_identification:_identify(src) by extension 'ignore_ament_install'
[0.145s] Level 1:colcon.colcon_core.package_identification:_identify(src) by extensions ['colcon_pkg']
[0.145s] Level 1:colcon.colcon_core.package_identification:_identify(src) by extension 'colcon_pkg'
[0.145s] Level 1:colcon.colcon_core.package_identification:_identify(src) by extensions ['colcon_meta']
[0.145s] Level 1:colcon.colcon_core.package_identification:_identify(src) by extension 'colcon_meta'
[0.145s] Level 1:colcon.colcon_core.package_identification:_identify(src) by extensions ['ros']
[0.145s] Level 1:colcon.colcon_core.package_identification:_identify(src) by extension 'ros'
[0.145s] Level 1:colcon.colcon_core.package_identification:_identify(src) by extensions ['cmake', 'python']
[0.145s] Level 1:colcon.colcon_core.package_identification:_identify(src) by extension 'cmake'
[0.145s] Level 1:colcon.colcon_core.package_identification:_identify(src) by extension 'python'
[0.145s] Level 1:colcon.colcon_core.package_identification:_identify(src) by extensions ['python_setup_py']
[0.145s] Level 1:colcon.colcon_core.package_identification:_identify(src) by extension 'python_setup_py'
[0.145s] Level 1:colcon.colcon_core.package_identification:_identify(src/Gradua) by extensions ['ignore', 'ignore_ament_install']
[0.145s] Level 1:colcon.colcon_core.package_identification:_identify(src/Gradua) by extension 'ignore'
[0.145s] Level 1:colcon.colcon_core.package_identification:_identify(src/Gradua) by extension 'ignore_ament_install'
[0.145s] Level 1:colcon.colcon_core.package_identification:_identify(src/Gradua) by extensions ['colcon_pkg']
[0.145s] Level 1:colcon.colcon_core.package_identification:_identify(src/Gradua) by extension 'colcon_pkg'
[0.145s] Level 1:colcon.colcon_core.package_identification:_identify(src/Gradua) by extensions ['colcon_meta']
[0.145s] Level 1:colcon.colcon_core.package_identification:_identify(src/Gradua) by extension 'colcon_meta'
[0.145s] Level 1:colcon.colcon_core.package_identification:_identify(src/Gradua) by extensions ['ros']
[0.145s] Level 1:colcon.colcon_core.package_identification:_identify(src/Gradua) by extension 'ros'
[0.147s] DEBUG:colcon.colcon_core.package_identification:Package 'src/Gradua' with type 'ros.ament_python' and name 'gradua'
[0.147s] Level 1:colcon.colcon_core.package_identification:_identify(src/Identification_code) by extensions ['ignore', 'ignore_ament_install']
[0.147s] Level 1:colcon.colcon_core.package_identification:_identify(src/Identification_code) by extension 'ignore'
[0.147s] Level 1:colcon.colcon_core.package_identification:_identify(src/Identification_code) by extension 'ignore_ament_install'
[0.147s] Level 1:colcon.colcon_core.package_identification:_identify(src/Identification_code) by extensions ['colcon_pkg']
[0.147s] Level 1:colcon.colcon_core.package_identification:_identify(src/Identification_code) by extension 'colcon_pkg'
[0.147s] Level 1:colcon.colcon_core.package_identification:_identify(src/Identification_code) by extensions ['colcon_meta']
[0.147s] Level 1:colcon.colcon_core.package_identification:_identify(src/Identification_code) by extension 'colcon_meta'
[0.147s] Level 1:colcon.colcon_core.package_identification:_identify(src/Identification_code) by extensions ['ros']
[0.147s] Level 1:colcon.colcon_core.package_identification:_identify(src/Identification_code) by extension 'ros'
[0.147s] Level 1:colcon.colcon_core.package_identification:_identify(src/Identification_code) by extensions ['cmake', 'python']
[0.147s] Level 1:colcon.colcon_core.package_identification:_identify(src/Identification_code) by extension 'cmake'
[0.147s] Level 1:colcon.colcon_core.package_identification:_identify(src/Identification_code) by extension 'python'
[0.147s] Level 1:colcon.colcon_core.package_identification:_identify(src/Identification_code) by extensions ['python_setup_py']
[0.147s] Level 1:colcon.colcon_core.package_identification:_identify(src/Identification_code) by extension 'python_setup_py'
[0.147s] Level 1:colcon.colcon_core.package_identification:_identify(src/Identification_code/__pycache__) by extensions ['ignore', 'ignore_ament_install']
[0.147s] Level 1:colcon.colcon_core.package_identification:_identify(src/Identification_code/__pycache__) by extension 'ignore'
[0.147s] Level 1:colcon.colcon_core.package_identification:_identify(src/Identification_code/__pycache__) by extension 'ignore_ament_install'
[0.147s] Level 1:colcon.colcon_core.package_identification:_identify(src/Identification_code/__pycache__) by extensions ['colcon_pkg']
[0.147s] Level 1:colcon.colcon_core.package_identification:_identify(src/Identification_code/__pycache__) by extension 'colcon_pkg'
[0.147s] Level 1:colcon.colcon_core.package_identification:_identify(src/Identification_code/__pycache__) by extensions ['colcon_meta']
[0.147s] Level 1:colcon.colcon_core.package_identification:_identify(src/Identification_code/__pycache__) by extension 'colcon_meta'
[0.147s] Level 1:colcon.colcon_core.package_identification:_identify(src/Identification_code/__pycache__) by extensions ['ros']
[0.147s] Level 1:colcon.colcon_core.package_identification:_identify(src/Identification_code/__pycache__) by extension 'ros'
[0.147s] Level 1:colcon.colcon_core.package_identification:_identify(src/Identification_code/__pycache__) by extensions ['cmake', 'python']
[0.148s] Level 1:colcon.colcon_core.package_identification:_identify(src/Identification_code/__pycache__) by extension 'cmake'
[0.148s] Level 1:colcon.colcon_core.package_identification:_identify(src/Identification_code/__pycache__) by extension 'python'
[0.148s] Level 1:colcon.colcon_core.package_identification:_identify(src/Identification_code/__pycache__) by extensions ['python_setup_py']
[0.148s] Level 1:colcon.colcon_core.package_identification:_identify(src/Identification_code/__pycache__) by extension 'python_setup_py'
[0.148s] Level 1:colcon.colcon_core.package_identification:_identify(src/Identification_code/datasets) by extensions ['ignore', 'ignore_ament_install']
[0.148s] Level 1:colcon.colcon_core.package_identification:_identify(src/Identification_code/datasets) by extension 'ignore'
[0.148s] Level 1:colcon.colcon_core.package_identification:_identify(src/Identification_code/datasets) by extension 'ignore_ament_install'
[0.148s] Level 1:colcon.colcon_core.package_identification:_identify(src/Identification_code/datasets) by extensions ['colcon_pkg']
[0.148s] Level 1:colcon.colcon_core.package_identification:_identify(src/Identification_code/datasets) by extension 'colcon_pkg'
[0.148s] Level 1:colcon.colcon_core.package_identification:_identify(src/Identification_code/datasets) by extensions ['colcon_meta']
[0.148s] Level 1:colcon.colcon_core.package_identification:_identify(src/Identification_code/datasets) by extension 'colcon_meta'
[0.148s] Level 1:colcon.colcon_core.package_identification:_identify(src/Identification_code/datasets) by extensions ['ros']
[0.148s] Level 1:colcon.colcon_core.package_identification:_identify(src/Identification_code/datasets) by extension 'ros'
[0.148s] Level 1:colcon.colcon_core.package_identification:_identify(src/Identification_code/datasets) by extensions ['cmake', 'python']
[0.148s] Level 1:colcon.colcon_core.package_identification:_identify(src/Identification_code/datasets) by extension 'cmake'
[0.148s] Level 1:colcon.colcon_core.package_identification:_identify(src/Identification_code/datasets) by extension 'python'
[0.148s] Level 1:colcon.colcon_core.package_identification:_identify(src/Identification_code/datasets) by extensions ['python_setup_py']
[0.148s] Level 1:colcon.colcon_core.package_identification:_identify(src/Identification_code/datasets) by extension 'python_setup_py'
[0.148s] Level 1:colcon.colcon_core.package_identification:_identify(src/Identification_code/datasets/my_dataset) by extensions ['ignore', 'ignore_ament_install']
[0.148s] Level 1:colcon.colcon_core.package_identification:_identify(src/Identification_code/datasets/my_dataset) by extension 'ignore'
[0.148s] Level 1:colcon.colcon_core.package_identification:_identify(src/Identification_code/datasets/my_dataset) by extension 'ignore_ament_install'
[0.148s] Level 1:colcon.colcon_core.package_identification:_identify(src/Identification_code/datasets/my_dataset) by extensions ['colcon_pkg']
[0.148s] Level 1:colcon.colcon_core.package_identification:_identify(src/Identification_code/datasets/my_dataset) by extension 'colcon_pkg'
[0.148s] Level 1:colcon.colcon_core.package_identification:_identify(src/Identification_code/datasets/my_dataset) by extensions ['colcon_meta']
[0.148s] Level 1:colcon.colcon_core.package_identification:_identify(src/Identification_code/datasets/my_dataset) by extension 'colcon_meta'
[0.148s] Level 1:colcon.colcon_core.package_identification:_identify(src/Identification_code/datasets/my_dataset) by extensions ['ros']
[0.148s] Level 1:colcon.colcon_core.package_identification:_identify(src/Identification_code/datasets/my_dataset) by extension 'ros'
[0.148s] Level 1:colcon.colcon_core.package_identification:_identify(src/Identification_code/datasets/my_dataset) by extensions ['cmake', 'python']
[0.148s] Level 1:colcon.colcon_core.package_identification:_identify(src/Identification_code/datasets/my_dataset) by extension 'cmake'
[0.148s] Level 1:colcon.colcon_core.package_identification:_identify(src/Identification_code/datasets/my_dataset) by extension 'python'
[0.148s] Level 1:colcon.colcon_core.package_identification:_identify(src/Identification_code/datasets/my_dataset) by extensions ['python_setup_py']
[0.148s] Level 1:colcon.colcon_core.package_identification:_identify(src/Identification_code/datasets/my_dataset) by extension 'python_setup_py'
[0.148s] Level 1:colcon.colcon_core.package_identification:_identify(src/Identification_code/datasets/my_dataset/images) by extensions ['ignore', 'ignore_ament_install']
[0.148s] Level 1:colcon.colcon_core.package_identification:_identify(src/Identification_code/datasets/my_dataset/images) by extension 'ignore'
[0.148s] Level 1:colcon.colcon_core.package_identification:_identify(src/Identification_code/datasets/my_dataset/images) by extension 'ignore_ament_install'
[0.148s] Level 1:colcon.colcon_core.package_identification:_identify(src/Identification_code/datasets/my_dataset/images) by extensions ['colcon_pkg']
[0.148s] Level 1:colcon.colcon_core.package_identification:_identify(src/Identification_code/datasets/my_dataset/images) by extension 'colcon_pkg'
[0.148s] Level 1:colcon.colcon_core.package_identification:_identify(src/Identification_code/datasets/my_dataset/images) by extensions ['colcon_meta']
[0.148s] Level 1:colcon.colcon_core.package_identification:_identify(src/Identification_code/datasets/my_dataset/images) by extension 'colcon_meta'
[0.148s] Level 1:colcon.colcon_core.package_identification:_identify(src/Identification_code/datasets/my_dataset/images) by extensions ['ros']
[0.148s] Level 1:colcon.colcon_core.package_identification:_identify(src/Identification_code/datasets/my_dataset/images) by extension 'ros'
[0.148s] Level 1:colcon.colcon_core.package_identification:_identify(src/Identification_code/datasets/my_dataset/images) by extensions ['cmake', 'python']
[0.149s] Level 1:colcon.colcon_core.package_identification:_identify(src/Identification_code/datasets/my_dataset/images) by extension 'cmake'
[0.149s] Level 1:colcon.colcon_core.package_identification:_identify(src/Identification_code/datasets/my_dataset/images) by extension 'python'
[0.149s] Level 1:colcon.colcon_core.package_identification:_identify(src/Identification_code/datasets/my_dataset/images) by extensions ['python_setup_py']
[0.149s] Level 1:colcon.colcon_core.package_identification:_identify(src/Identification_code/datasets/my_dataset/images) by extension 'python_setup_py'
[0.149s] Level 1:colcon.colcon_core.package_identification:_identify(src/Identification_code/datasets/my_dataset/images/train) by extensions ['ignore', 'ignore_ament_install']
[0.149s] Level 1:colcon.colcon_core.package_identification:_identify(src/Identification_code/datasets/my_dataset/images/train) by extension 'ignore'
[0.149s] Level 1:colcon.colcon_core.package_identification:_identify(src/Identification_code/datasets/my_dataset/images/train) by extension 'ignore_ament_install'
[0.149s] Level 1:colcon.colcon_core.package_identification:_identify(src/Identification_code/datasets/my_dataset/images/train) by extensions ['colcon_pkg']
[0.149s] Level 1:colcon.colcon_core.package_identification:_identify(src/Identification_code/datasets/my_dataset/images/train) by extension 'colcon_pkg'
[0.149s] Level 1:colcon.colcon_core.package_identification:_identify(src/Identification_code/datasets/my_dataset/images/train) by extensions ['colcon_meta']
[0.149s] Level 1:colcon.colcon_core.package_identification:_identify(src/Identification_code/datasets/my_dataset/images/train) by extension 'colcon_meta'
[0.149s] Level 1:colcon.colcon_core.package_identification:_identify(src/Identification_code/datasets/my_dataset/images/train) by extensions ['ros']
[0.149s] Level 1:colcon.colcon_core.package_identification:_identify(src/Identification_code/datasets/my_dataset/images/train) by extension 'ros'
[0.149s] Level 1:colcon.colcon_core.package_identification:_identify(src/Identification_code/datasets/my_dataset/images/train) by extensions ['cmake', 'python']
[0.149s] Level 1:colcon.colcon_core.package_identification:_identify(src/Identification_code/datasets/my_dataset/images/train) by extension 'cmake'
[0.149s] Level 1:colcon.colcon_core.package_identification:_identify(src/Identification_code/datasets/my_dataset/images/train) by extension 'python'
[0.149s] Level 1:colcon.colcon_core.package_identification:_identify(src/Identification_code/datasets/my_dataset/images/train) by extensions ['python_setup_py']
[0.149s] Level 1:colcon.colcon_core.package_identification:_identify(src/Identification_code/datasets/my_dataset/images/train) by extension 'python_setup_py'
[0.149s] Level 1:colcon.colcon_core.package_identification:_identify(src/Identification_code/datasets/my_dataset/images/val) by extensions ['ignore', 'ignore_ament_install']
[0.149s] Level 1:colcon.colcon_core.package_identification:_identify(src/Identification_code/datasets/my_dataset/images/val) by extension 'ignore'
[0.149s] Level 1:colcon.colcon_core.package_identification:_identify(src/Identification_code/datasets/my_dataset/images/val) by extension 'ignore_ament_install'
[0.149s] Level 1:colcon.colcon_core.package_identification:_identify(src/Identification_code/datasets/my_dataset/images/val) by extensions ['colcon_pkg']
[0.149s] Level 1:colcon.colcon_core.package_identification:_identify(src/Identification_code/datasets/my_dataset/images/val) by extension 'colcon_pkg'
[0.149s] Level 1:colcon.colcon_core.package_identification:_identify(src/Identification_code/datasets/my_dataset/images/val) by extensions ['colcon_meta']
[0.149s] Level 1:colcon.colcon_core.package_identification:_identify(src/Identification_code/datasets/my_dataset/images/val) by extension 'colcon_meta'
[0.149s] Level 1:colcon.colcon_core.package_identification:_identify(src/Identification_code/datasets/my_dataset/images/val) by extensions ['ros']
[0.149s] Level 1:colcon.colcon_core.package_identification:_identify(src/Identification_code/datasets/my_dataset/images/val) by extension 'ros'
[0.149s] Level 1:colcon.colcon_core.package_identification:_identify(src/Identification_code/datasets/my_dataset/images/val) by extensions ['cmake', 'python']
[0.149s] Level 1:colcon.colcon_core.package_identification:_identify(src/Identification_code/datasets/my_dataset/images/val) by extension 'cmake'
[0.149s] Level 1:colcon.colcon_core.package_identification:_identify(src/Identification_code/datasets/my_dataset/images/val) by extension 'python'
[0.149s] Level 1:colcon.colcon_core.package_identification:_identify(src/Identification_code/datasets/my_dataset/images/val) by extensions ['python_setup_py']
[0.149s] Level 1:colcon.colcon_core.package_identification:_identify(src/Identification_code/datasets/my_dataset/images/val) by extension 'python_setup_py'
[0.149s] Level 1:colcon.colcon_core.package_identification:_identify(src/Identification_code/datasets/my_dataset/labels) by extensions ['ignore', 'ignore_ament_install']
[0.149s] Level 1:colcon.colcon_core.package_identification:_identify(src/Identification_code/datasets/my_dataset/labels) by extension 'ignore'
[0.149s] Level 1:colcon.colcon_core.package_identification:_identify(src/Identification_code/datasets/my_dataset/labels) by extension 'ignore_ament_install'
[0.149s] Level 1:colcon.colcon_core.package_identification:_identify(src/Identification_code/datasets/my_dataset/labels) by extensions ['colcon_pkg']
[0.149s] Level 1:colcon.colcon_core.package_identification:_identify(src/Identification_code/datasets/my_dataset/labels) by extension 'colcon_pkg'
[0.149s] Level 1:colcon.colcon_core.package_identification:_identify(src/Identification_code/datasets/my_dataset/labels) by extensions ['colcon_meta']
[0.149s] Level 1:colcon.colcon_core.package_identification:_identify(src/Identification_code/datasets/my_dataset/labels) by extension 'colcon_meta'
[0.149s] Level 1:colcon.colcon_core.package_identification:_identify(src/Identification_code/datasets/my_dataset/labels) by extensions ['ros']
[0.149s] Level 1:colcon.colcon_core.package_identification:_identify(src/Identification_code/datasets/my_dataset/labels) by extension 'ros'
[0.149s] Level 1:colcon.colcon_core.package_identification:_identify(src/Identification_code/datasets/my_dataset/labels) by extensions ['cmake', 'python']
[0.149s] Level 1:colcon.colcon_core.package_identification:_identify(src/Identification_code/datasets/my_dataset/labels) by extension 'cmake'
[0.149s] Level 1:colcon.colcon_core.package_identification:_identify(src/Identification_code/datasets/my_dataset/labels) by extension 'python'
[0.149s] Level 1:colcon.colcon_core.package_identification:_identify(src/Identification_code/datasets/my_dataset/labels) by extensions ['python_setup_py']
[0.149s] Level 1:colcon.colcon_core.package_identification:_identify(src/Identification_code/datasets/my_dataset/labels) by extension 'python_setup_py'
[0.149s] Level 1:colcon.colcon_core.package_identification:_identify(src/Identification_code/datasets/my_dataset/labels/train) by extensions ['ignore', 'ignore_ament_install']
[0.150s] Level 1:colcon.colcon_core.package_identification:_identify(src/Identification_code/datasets/my_dataset/labels/train) by extension 'ignore'
[0.150s] Level 1:colcon.colcon_core.package_identification:_identify(src/Identification_code/datasets/my_dataset/labels/train) by extension 'ignore_ament_install'
[0.150s] Level 1:colcon.colcon_core.package_identification:_identify(src/Identification_code/datasets/my_dataset/labels/train) by extensions ['colcon_pkg']
[0.150s] Level 1:colcon.colcon_core.package_identification:_identify(src/Identification_code/datasets/my_dataset/labels/train) by extension 'colcon_pkg'
[0.150s] Level 1:colcon.colcon_core.package_identification:_identify(src/Identification_code/datasets/my_dataset/labels/train) by extensions ['colcon_meta']
[0.150s] Level 1:colcon.colcon_core.package_identification:_identify(src/Identification_code/datasets/my_dataset/labels/train) by extension 'colcon_meta'
[0.150s] Level 1:colcon.colcon_core.package_identification:_identify(src/Identification_code/datasets/my_dataset/labels/train) by extensions ['ros']
[0.150s] Level 1:colcon.colcon_core.package_identification:_identify(src/Identification_code/datasets/my_dataset/labels/train) by extension 'ros'
[0.150s] Level 1:colcon.colcon_core.package_identification:_identify(src/Identification_code/datasets/my_dataset/labels/train) by extensions ['cmake', 'python']
[0.150s] Level 1:colcon.colcon_core.package_identification:_identify(src/Identification_code/datasets/my_dataset/labels/train) by extension 'cmake'
[0.150s] Level 1:colcon.colcon_core.package_identification:_identify(src/Identification_code/datasets/my_dataset/labels/train) by extension 'python'
[0.150s] Level 1:colcon.colcon_core.package_identification:_identify(src/Identification_code/datasets/my_dataset/labels/train) by extensions ['python_setup_py']
[0.150s] Level 1:colcon.colcon_core.package_identification:_identify(src/Identification_code/datasets/my_dataset/labels/train) by extension 'python_setup_py'
[0.150s] Level 1:colcon.colcon_core.package_identification:_identify(src/Identification_code/datasets/my_dataset/labels/val) by extensions ['ignore', 'ignore_ament_install']
[0.150s] Level 1:colcon.colcon_core.package_identification:_identify(src/Identification_code/datasets/my_dataset/labels/val) by extension 'ignore'
[0.150s] Level 1:colcon.colcon_core.package_identification:_identify(src/Identification_code/datasets/my_dataset/labels/val) by extension 'ignore_ament_install'
[0.150s] Level 1:colcon.colcon_core.package_identification:_identify(src/Identification_code/datasets/my_dataset/labels/val) by extensions ['colcon_pkg']
[0.150s] Level 1:colcon.colcon_core.package_identification:_identify(src/Identification_code/datasets/my_dataset/labels/val) by extension 'colcon_pkg'
[0.150s] Level 1:colcon.colcon_core.package_identification:_identify(src/Identification_code/datasets/my_dataset/labels/val) by extensions ['colcon_meta']
[0.150s] Level 1:colcon.colcon_core.package_identification:_identify(src/Identification_code/datasets/my_dataset/labels/val) by extension 'colcon_meta'
[0.150s] Level 1:colcon.colcon_core.package_identification:_identify(src/Identification_code/datasets/my_dataset/labels/val) by extensions ['ros']
[0.150s] Level 1:colcon.colcon_core.package_identification:_identify(src/Identification_code/datasets/my_dataset/labels/val) by extension 'ros'
[0.150s] Level 1:colcon.colcon_core.package_identification:_identify(src/Identification_code/datasets/my_dataset/labels/val) by extensions ['cmake', 'python']
[0.150s] Level 1:colcon.colcon_core.package_identification:_identify(src/Identification_code/datasets/my_dataset/labels/val) by extension 'cmake'
[0.150s] Level 1:colcon.colcon_core.package_identification:_identify(src/Identification_code/datasets/my_dataset/labels/val) by extension 'python'
[0.150s] Level 1:colcon.colcon_core.package_identification:_identify(src/Identification_code/datasets/my_dataset/labels/val) by extensions ['python_setup_py']
[0.150s] Level 1:colcon.colcon_core.package_identification:_identify(src/Identification_code/datasets/my_dataset/labels/val) by extension 'python_setup_py'
[0.150s] Level 1:colcon.colcon_core.package_identification:_identify(src/Identification_code/raw_data) by extensions ['ignore', 'ignore_ament_install']
[0.150s] Level 1:colcon.colcon_core.package_identification:_identify(src/Identification_code/raw_data) by extension 'ignore'
[0.150s] Level 1:colcon.colcon_core.package_identification:_identify(src/Identification_code/raw_data) by extension 'ignore_ament_install'
[0.150s] Level 1:colcon.colcon_core.package_identification:_identify(src/Identification_code/raw_data) by extensions ['colcon_pkg']
[0.150s] Level 1:colcon.colcon_core.package_identification:_identify(src/Identification_code/raw_data) by extension 'colcon_pkg'
[0.150s] Level 1:colcon.colcon_core.package_identification:_identify(src/Identification_code/raw_data) by extensions ['colcon_meta']
[0.150s] Level 1:colcon.colcon_core.package_identification:_identify(src/Identification_code/raw_data) by extension 'colcon_meta'
[0.150s] Level 1:colcon.colcon_core.package_identification:_identify(src/Identification_code/raw_data) by extensions ['ros']
[0.150s] Level 1:colcon.colcon_core.package_identification:_identify(src/Identification_code/raw_data) by extension 'ros'
[0.150s] Level 1:colcon.colcon_core.package_identification:_identify(src/Identification_code/raw_data) by extensions ['cmake', 'python']
[0.150s] Level 1:colcon.colcon_core.package_identification:_identify(src/Identification_code/raw_data) by extension 'cmake'
[0.150s] Level 1:colcon.colcon_core.package_identification:_identify(src/Identification_code/raw_data) by extension 'python'
[0.150s] Level 1:colcon.colcon_core.package_identification:_identify(src/Identification_code/raw_data) by extensions ['python_setup_py']
[0.150s] Level 1:colcon.colcon_core.package_identification:_identify(src/Identification_code/raw_data) by extension 'python_setup_py'
[0.150s] Level 1:colcon.colcon_core.package_identification:_identify(src/Identification_code/raw_data/images) by extensions ['ignore', 'ignore_ament_install']
[0.150s] Level 1:colcon.colcon_core.package_identification:_identify(src/Identification_code/raw_data/images) by extension 'ignore'
[0.150s] Level 1:colcon.colcon_core.package_identification:_identify(src/Identification_code/raw_data/images) by extension 'ignore_ament_install'
[0.150s] Level 1:colcon.colcon_core.package_identification:_identify(src/Identification_code/raw_data/images) by extensions ['colcon_pkg']
[0.150s] Level 1:colcon.colcon_core.package_identification:_identify(src/Identification_code/raw_data/images) by extension 'colcon_pkg'
[0.150s] Level 1:colcon.colcon_core.package_identification:_identify(src/Identification_code/raw_data/images) by extensions ['colcon_meta']
[0.150s] Level 1:colcon.colcon_core.package_identification:_identify(src/Identification_code/raw_data/images) by extension 'colcon_meta'
[0.151s] Level 1:colcon.colcon_core.package_identification:_identify(src/Identification_code/raw_data/images) by extensions ['ros']
[0.151s] Level 1:colcon.colcon_core.package_identification:_identify(src/Identification_code/raw_data/images) by extension 'ros'
[0.151s] Level 1:colcon.colcon_core.package_identification:_identify(src/Identification_code/raw_data/images) by extensions ['cmake', 'python']
[0.151s] Level 1:colcon.colcon_core.package_identification:_identify(src/Identification_code/raw_data/images) by extension 'cmake'
[0.151s] Level 1:colcon.colcon_core.package_identification:_identify(src/Identification_code/raw_data/images) by extension 'python'
[0.151s] Level 1:colcon.colcon_core.package_identification:_identify(src/Identification_code/raw_data/images) by extensions ['python_setup_py']
[0.151s] Level 1:colcon.colcon_core.package_identification:_identify(src/Identification_code/raw_data/images) by extension 'python_setup_py'
[0.151s] Level 1:colcon.colcon_core.package_identification:_identify(src/Identification_code/raw_data/video) by extensions ['ignore', 'ignore_ament_install']
[0.151s] Level 1:colcon.colcon_core.package_identification:_identify(src/Identification_code/raw_data/video) by extension 'ignore'
[0.151s] Level 1:colcon.colcon_core.package_identification:_identify(src/Identification_code/raw_data/video) by extension 'ignore_ament_install'
[0.151s] Level 1:colcon.colcon_core.package_identification:_identify(src/Identification_code/raw_data/video) by extensions ['colcon_pkg']
[0.151s] Level 1:colcon.colcon_core.package_identification:_identify(src/Identification_code/raw_data/video) by extension 'colcon_pkg'
[0.151s] Level 1:colcon.colcon_core.package_identification:_identify(src/Identification_code/raw_data/video) by extensions ['colcon_meta']
[0.151s] Level 1:colcon.colcon_core.package_identification:_identify(src/Identification_code/raw_data/video) by extension 'colcon_meta'
[0.151s] Level 1:colcon.colcon_core.package_identification:_identify(src/Identification_code/raw_data/video) by extensions ['ros']
[0.151s] Level 1:colcon.colcon_core.package_identification:_identify(src/Identification_code/raw_data/video) by extension 'ros'
[0.151s] Level 1:colcon.colcon_core.package_identification:_identify(src/Identification_code/raw_data/video) by extensions ['cmake', 'python']
[0.151s] Level 1:colcon.colcon_core.package_identification:_identify(src/Identification_code/raw_data/video) by extension 'cmake'
[0.151s] Level 1:colcon.colcon_core.package_identification:_identify(src/Identification_code/raw_data/video) by extension 'python'
[0.151s] Level 1:colcon.colcon_core.package_identification:_identify(src/Identification_code/raw_data/video) by extensions ['python_setup_py']
[0.151s] Level 1:colcon.colcon_core.package_identification:_identify(src/Identification_code/raw_data/video) by extension 'python_setup_py'
[0.151s] Level 1:colcon.colcon_core.package_identification:_identify(src/Identification_code/runs) by extensions ['ignore', 'ignore_ament_install']
[0.151s] Level 1:colcon.colcon_core.package_identification:_identify(src/Identification_code/runs) by extension 'ignore'
[0.151s] Level 1:colcon.colcon_core.package_identification:_identify(src/Identification_code/runs) by extension 'ignore_ament_install'
[0.151s] Level 1:colcon.colcon_core.package_identification:_identify(src/Identification_code/runs) by extensions ['colcon_pkg']
[0.151s] Level 1:colcon.colcon_core.package_identification:_identify(src/Identification_code/runs) by extension 'colcon_pkg'
[0.151s] Level 1:colcon.colcon_core.package_identification:_identify(src/Identification_code/runs) by extensions ['colcon_meta']
[0.151s] Level 1:colcon.colcon_core.package_identification:_identify(src/Identification_code/runs) by extension 'colcon_meta'
[0.151s] Level 1:colcon.colcon_core.package_identification:_identify(src/Identification_code/runs) by extensions ['ros']
[0.151s] Level 1:colcon.colcon_core.package_identification:_identify(src/Identification_code/runs) by extension 'ros'
[0.151s] Level 1:colcon.colcon_core.package_identification:_identify(src/Identification_code/runs) by extensions ['cmake', 'python']
[0.151s] Level 1:colcon.colcon_core.package_identification:_identify(src/Identification_code/runs) by extension 'cmake'
[0.151s] Level 1:colcon.colcon_core.package_identification:_identify(src/Identification_code/runs) by extension 'python'
[0.151s] Level 1:colcon.colcon_core.package_identification:_identify(src/Identification_code/runs) by extensions ['python_setup_py']
[0.151s] Level 1:colcon.colcon_core.package_identification:_identify(src/Identification_code/runs) by extension 'python_setup_py'
[0.151s] Level 1:colcon.colcon_core.package_identification:_identify(src/Identification_code/runs/detect) by extensions ['ignore', 'ignore_ament_install']
[0.151s] Level 1:colcon.colcon_core.package_identification:_identify(src/Identification_code/runs/detect) by extension 'ignore'
[0.151s] Level 1:colcon.colcon_core.package_identification:_identify(src/Identification_code/runs/detect) by extension 'ignore_ament_install'
[0.151s] Level 1:colcon.colcon_core.package_identification:_identify(src/Identification_code/runs/detect) by extensions ['colcon_pkg']
[0.151s] Level 1:colcon.colcon_core.package_identification:_identify(src/Identification_code/runs/detect) by extension 'colcon_pkg'
[0.151s] Level 1:colcon.colcon_core.package_identification:_identify(src/Identification_code/runs/detect) by extensions ['colcon_meta']
[0.151s] Level 1:colcon.colcon_core.package_identification:_identify(src/Identification_code/runs/detect) by extension 'colcon_meta'
[0.151s] Level 1:colcon.colcon_core.package_identification:_identify(src/Identification_code/runs/detect) by extensions ['ros']
[0.151s] Level 1:colcon.colcon_core.package_identification:_identify(src/Identification_code/runs/detect) by extension 'ros'
[0.151s] Level 1:colcon.colcon_core.package_identification:_identify(src/Identification_code/runs/detect) by extensions ['cmake', 'python']
[0.151s] Level 1:colcon.colcon_core.package_identification:_identify(src/Identification_code/runs/detect) by extension 'cmake'
[0.151s] Level 1:colcon.colcon_core.package_identification:_identify(src/Identification_code/runs/detect) by extension 'python'
[0.151s] Level 1:colcon.colcon_core.package_identification:_identify(src/Identification_code/runs/detect) by extensions ['python_setup_py']
[0.151s] Level 1:colcon.colcon_core.package_identification:_identify(src/Identification_code/runs/detect) by extension 'python_setup_py'
[0.151s] Level 1:colcon.colcon_core.package_identification:_identify(src/Identification_code/runs/detect/yolo26_runs) by extensions ['ignore', 'ignore_ament_install']
[0.151s] Level 1:colcon.colcon_core.package_identification:_identify(src/Identification_code/runs/detect/yolo26_runs) by extension 'ignore'
[0.152s] Level 1:colcon.colcon_core.package_identification:_identify(src/Identification_code/runs/detect/yolo26_runs) by extension 'ignore_ament_install'
[0.152s] Level 1:colcon.colcon_core.package_identification:_identify(src/Identification_code/runs/detect/yolo26_runs) by extensions ['colcon_pkg']
[0.152s] Level 1:colcon.colcon_core.package_identification:_identify(src/Identification_code/runs/detect/yolo26_runs) by extension 'colcon_pkg'
[0.152s] Level 1:colcon.colcon_core.package_identification:_identify(src/Identification_code/runs/detect/yolo26_runs) by extensions ['colcon_meta']
[0.152s] Level 1:colcon.colcon_core.package_identification:_identify(src/Identification_code/runs/detect/yolo26_runs) by extension 'colcon_meta'
[0.152s] Level 1:colcon.colcon_core.package_identification:_identify(src/Identification_code/runs/detect/yolo26_runs) by extensions ['ros']
[0.152s] Level 1:colcon.colcon_core.package_identification:_identify(src/Identification_code/runs/detect/yolo26_runs) by extension 'ros'
[0.152s] Level 1:colcon.colcon_core.package_identification:_identify(src/Identification_code/runs/detect/yolo26_runs) by extensions ['cmake', 'python']
[0.152s] Level 1:colcon.colcon_core.package_identification:_identify(src/Identification_code/runs/detect/yolo26_runs) by extension 'cmake'
[0.152s] Level 1:colcon.colcon_core.package_identification:_identify(src/Identification_code/runs/detect/yolo26_runs) by extension 'python'
[0.152s] Level 1:colcon.colcon_core.package_identification:_identify(src/Identification_code/runs/detect/yolo26_runs) by extensions ['python_setup_py']
[0.152s] Level 1:colcon.colcon_core.package_identification:_identify(src/Identification_code/runs/detect/yolo26_runs) by extension 'python_setup_py'
[0.152s] Level 1:colcon.colcon_core.package_identification:_identify(src/Identification_code/runs/detect/yolo26_runs/weights) by extensions ['ignore', 'ignore_ament_install']
[0.152s] Level 1:colcon.colcon_core.package_identification:_identify(src/Identification_code/runs/detect/yolo26_runs/weights) by extension 'ignore'
[0.152s] Level 1:colcon.colcon_core.package_identification:_identify(src/Identification_code/runs/detect/yolo26_runs/weights) by extension 'ignore_ament_install'
[0.152s] Level 1:colcon.colcon_core.package_identification:_identify(src/Identification_code/runs/detect/yolo26_runs/weights) by extensions ['colcon_pkg']
[0.152s] Level 1:colcon.colcon_core.package_identification:_identify(src/Identification_code/runs/detect/yolo26_runs/weights) by extension 'colcon_pkg'
[0.152s] Level 1:colcon.colcon_core.package_identification:_identify(src/Identification_code/runs/detect/yolo26_runs/weights) by extensions ['colcon_meta']
[0.152s] Level 1:colcon.colcon_core.package_identification:_identify(src/Identification_code/runs/detect/yolo26_runs/weights) by extension 'colcon_meta'
[0.152s] Level 1:colcon.colcon_core.package_identification:_identify(src/Identification_code/runs/detect/yolo26_runs/weights) by extensions ['ros']
[0.152s] Level 1:colcon.colcon_core.package_identification:_identify(src/Identification_code/runs/detect/yolo26_runs/weights) by extension 'ros'
[0.152s] Level 1:colcon.colcon_core.package_identification:_identify(src/Identification_code/runs/detect/yolo26_runs/weights) by extensions ['cmake', 'python']
[0.152s] Level 1:colcon.colcon_core.package_identification:_identify(src/Identification_code/runs/detect/yolo26_runs/weights) by extension 'cmake'
[0.152s] Level 1:colcon.colcon_core.package_identification:_identify(src/Identification_code/runs/detect/yolo26_runs/weights) by extension 'python'
[0.152s] Level 1:colcon.colcon_core.package_identification:_identify(src/Identification_code/runs/detect/yolo26_runs/weights) by extensions ['python_setup_py']
[0.152s] Level 1:colcon.colcon_core.package_identification:_identify(src/Identification_code/runs/detect/yolo26_runs/weights) by extension 'python_setup_py'
[0.152s] Level 1:colcon.colcon_core.package_identification:_identify(src/Identification_code/test_picture_video) by extensions ['ignore', 'ignore_ament_install']
[0.152s] Level 1:colcon.colcon_core.package_identification:_identify(src/Identification_code/test_picture_video) by extension 'ignore'
[0.152s] Level 1:colcon.colcon_core.package_identification:_identify(src/Identification_code/test_picture_video) by extension 'ignore_ament_install'
[0.152s] Level 1:colcon.colcon_core.package_identification:_identify(src/Identification_code/test_picture_video) by extensions ['colcon_pkg']
[0.152s] Level 1:colcon.colcon_core.package_identification:_identify(src/Identification_code/test_picture_video) by extension 'colcon_pkg'
[0.152s] Level 1:colcon.colcon_core.package_identification:_identify(src/Identification_code/test_picture_video) by extensions ['colcon_meta']
[0.152s] Level 1:colcon.colcon_core.package_identification:_identify(src/Identification_code/test_picture_video) by extension 'colcon_meta'
[0.152s] Level 1:colcon.colcon_core.package_identification:_identify(src/Identification_code/test_picture_video) by extensions ['ros']
[0.152s] Level 1:colcon.colcon_core.package_identification:_identify(src/Identification_code/test_picture_video) by extension 'ros'
[0.152s] Level 1:colcon.colcon_core.package_identification:_identify(src/Identification_code/test_picture_video) by extensions ['cmake', 'python']
[0.152s] Level 1:colcon.colcon_core.package_identification:_identify(src/Identification_code/test_picture_video) by extension 'cmake'
[0.152s] Level 1:colcon.colcon_core.package_identification:_identify(src/Identification_code/test_picture_video) by extension 'python'
[0.152s] Level 1:colcon.colcon_core.package_identification:_identify(src/Identification_code/test_picture_video) by extensions ['python_setup_py']
[0.152s] Level 1:colcon.colcon_core.package_identification:_identify(src/Identification_code/test_picture_video) by extension 'python_setup_py'
[0.152s] Level 1:colcon.colcon_core.package_identification:_identify(src/calibration) by extensions ['ignore', 'ignore_ament_install']
[0.152s] Level 1:colcon.colcon_core.package_identification:_identify(src/calibration) by extension 'ignore'
[0.152s] Level 1:colcon.colcon_core.package_identification:_identify(src/calibration) by extension 'ignore_ament_install'
[0.152s] Level 1:colcon.colcon_core.package_identification:_identify(src/calibration) by extensions ['colcon_pkg']
[0.153s] Level 1:colcon.colcon_core.package_identification:_identify(src/calibration) by extension 'colcon_pkg'
[0.153s] Level 1:colcon.colcon_core.package_identification:_identify(src/calibration) by extensions ['colcon_meta']
[0.153s] Level 1:colcon.colcon_core.package_identification:_identify(src/calibration) by extension 'colcon_meta'
[0.153s] Level 1:colcon.colcon_core.package_identification:_identify(src/calibration) by extensions ['ros']
[0.153s] Level 1:colcon.colcon_core.package_identification:_identify(src/calibration) by extension 'ros'
[0.153s] Level 1:colcon.colcon_core.package_identification:_identify(src/calibration) by extensions ['cmake', 'python']
[0.153s] Level 1:colcon.colcon_core.package_identification:_identify(src/calibration) by extension 'cmake'
[0.153s] Level 1:colcon.colcon_core.package_identification:_identify(src/calibration) by extension 'python'
[0.153s] Level 1:colcon.colcon_core.package_identification:_identify(src/calibration) by extensions ['python_setup_py']
[0.153s] Level 1:colcon.colcon_core.package_identification:_identify(src/calibration) by extension 'python_setup_py'
[0.153s] Level 1:colcon.colcon_core.package_identification:_identify(src/calibration/__pycache__) by extensions ['ignore', 'ignore_ament_install']
[0.153s] Level 1:colcon.colcon_core.package_identification:_identify(src/calibration/__pycache__) by extension 'ignore'
[0.153s] Level 1:colcon.colcon_core.package_identification:_identify(src/calibration/__pycache__) by extension 'ignore_ament_install'
[0.153s] Level 1:colcon.colcon_core.package_identification:_identify(src/calibration/__pycache__) by extensions ['colcon_pkg']
[0.153s] Level 1:colcon.colcon_core.package_identification:_identify(src/calibration/__pycache__) by extension 'colcon_pkg'
[0.153s] Level 1:colcon.colcon_core.package_identification:_identify(src/calibration/__pycache__) by extensions ['colcon_meta']
[0.153s] Level 1:colcon.colcon_core.package_identification:_identify(src/calibration/__pycache__) by extension 'colcon_meta'
[0.153s] Level 1:colcon.colcon_core.package_identification:_identify(src/calibration/__pycache__) by extensions ['ros']
[0.153s] Level 1:colcon.colcon_core.package_identification:_identify(src/calibration/__pycache__) by extension 'ros'
[0.153s] Level 1:colcon.colcon_core.package_identification:_identify(src/calibration/__pycache__) by extensions ['cmake', 'python']
[0.153s] Level 1:colcon.colcon_core.package_identification:_identify(src/calibration/__pycache__) by extension 'cmake'
[0.153s] Level 1:colcon.colcon_core.package_identification:_identify(src/calibration/__pycache__) by extension 'python'
[0.153s] Level 1:colcon.colcon_core.package_identification:_identify(src/calibration/__pycache__) by extensions ['python_setup_py']
[0.153s] Level 1:colcon.colcon_core.package_identification:_identify(src/calibration/__pycache__) by extension 'python_setup_py'
[0.153s] Level 1:colcon.colcon_core.package_identification:_identify(src/calibration/captures) by extensions ['ignore', 'ignore_ament_install']
[0.153s] Level 1:colcon.colcon_core.package_identification:_identify(src/calibration/captures) by extension 'ignore'
[0.153s] Level 1:colcon.colcon_core.package_identification:_identify(src/calibration/captures) by extension 'ignore_ament_install'
[0.153s] Level 1:colcon.colcon_core.package_identification:_identify(src/calibration/captures) by extensions ['colcon_pkg']
[0.153s] Level 1:colcon.colcon_core.package_identification:_identify(src/calibration/captures) by extension 'colcon_pkg'
[0.153s] Level 1:colcon.colcon_core.package_identification:_identify(src/calibration/captures) by extensions ['colcon_meta']
[0.153s] Level 1:colcon.colcon_core.package_identification:_identify(src/calibration/captures) by extension 'colcon_meta'
[0.153s] Level 1:colcon.colcon_core.package_identification:_identify(src/calibration/captures) by extensions ['ros']
[0.153s] Level 1:colcon.colcon_core.package_identification:_identify(src/calibration/captures) by extension 'ros'
[0.153s] Level 1:colcon.colcon_core.package_identification:_identify(src/calibration/captures) by extensions ['cmake', 'python']
[0.153s] Level 1:colcon.colcon_core.package_identification:_identify(src/calibration/captures) by extension 'cmake'
[0.153s] Level 1:colcon.colcon_core.package_identification:_identify(src/calibration/captures) by extension 'python'
[0.153s] Level 1:colcon.colcon_core.package_identification:_identify(src/calibration/captures) by extensions ['python_setup_py']
[0.153s] Level 1:colcon.colcon_core.package_identification:_identify(src/calibration/captures) by extension 'python_setup_py'
[0.153s] Level 1:colcon.colcon_core.package_identification:_identify(src/calibration/output) by extensions ['ignore', 'ignore_ament_install']
[0.153s] Level 1:colcon.colcon_core.package_identification:_identify(src/calibration/output) by extension 'ignore'
[0.153s] Level 1:colcon.colcon_core.package_identification:_identify(src/calibration/output) by extension 'ignore_ament_install'
[0.153s] Level 1:colcon.colcon_core.package_identification:_identify(src/calibration/output) by extensions ['colcon_pkg']
[0.153s] Level 1:colcon.colcon_core.package_identification:_identify(src/calibration/output) by extension 'colcon_pkg'
[0.153s] Level 1:colcon.colcon_core.package_identification:_identify(src/calibration/output) by extensions ['colcon_meta']
[0.153s] Level 1:colcon.colcon_core.package_identification:_identify(src/calibration/output) by extension 'colcon_meta'
[0.153s] Level 1:colcon.colcon_core.package_identification:_identify(src/calibration/output) by extensions ['ros']
[0.153s] Level 1:colcon.colcon_core.package_identification:_identify(src/calibration/output) by extension 'ros'
[0.153s] Level 1:colcon.colcon_core.package_identification:_identify(src/calibration/output) by extensions ['cmake', 'python']
[0.153s] Level 1:colcon.colcon_core.package_identification:_identify(src/calibration/output) by extension 'cmake'
[0.153s] Level 1:colcon.colcon_core.package_identification:_identify(src/calibration/output) by extension 'python'
[0.153s] Level 1:colcon.colcon_core.package_identification:_identify(src/calibration/output) by extensions ['python_setup_py']
[0.154s] Level 1:colcon.colcon_core.package_identification:_identify(src/calibration/output) by extension 'python_setup_py'
[0.154s] Level 1:colcon.colcon_core.package_identification:_identify(src/calibration/output/debug_corners) by extensions ['ignore', 'ignore_ament_install']
[0.154s] Level 1:colcon.colcon_core.package_identification:_identify(src/calibration/output/debug_corners) by extension 'ignore'
[0.154s] Level 1:colcon.colcon_core.package_identification:_identify(src/calibration/output/debug_corners) by extension 'ignore_ament_install'
[0.154s] Level 1:colcon.colcon_core.package_identification:_identify(src/calibration/output/debug_corners) by extensions ['colcon_pkg']
[0.154s] Level 1:colcon.colcon_core.package_identification:_identify(src/calibration/output/debug_corners) by extension 'colcon_pkg'
[0.154s] Level 1:colcon.colcon_core.package_identification:_identify(src/calibration/output/debug_corners) by extensions ['colcon_meta']
[0.154s] Level 1:colcon.colcon_core.package_identification:_identify(src/calibration/output/debug_corners) by extension 'colcon_meta'
[0.154s] Level 1:colcon.colcon_core.package_identification:_identify(src/calibration/output/debug_corners) by extensions ['ros']
[0.154s] Level 1:colcon.colcon_core.package_identification:_identify(src/calibration/output/debug_corners) by extension 'ros'
[0.154s] Level 1:colcon.colcon_core.package_identification:_identify(src/calibration/output/debug_corners) by extensions ['cmake', 'python']
[0.154s] Level 1:colcon.colcon_core.package_identification:_identify(src/calibration/output/debug_corners) by extension 'cmake'
[0.154s] Level 1:colcon.colcon_core.package_identification:_identify(src/calibration/output/debug_corners) by extension 'python'
[0.154s] Level 1:colcon.colcon_core.package_identification:_identify(src/calibration/output/debug_corners) by extensions ['python_setup_py']
[0.154s] Level 1:colcon.colcon_core.package_identification:_identify(src/calibration/output/debug_corners) by extension 'python_setup_py'
[0.154s] Level 1:colcon.colcon_core.package_identification:_identify(src/control) by extensions ['ignore', 'ignore_ament_install']
[0.154s] Level 1:colcon.colcon_core.package_identification:_identify(src/control) by extension 'ignore'
[0.154s] Level 1:colcon.colcon_core.package_identification:_identify(src/control) by extension 'ignore_ament_install'
[0.154s] Level 1:colcon.colcon_core.package_identification:_identify(src/control) by extensions ['colcon_pkg']
[0.154s] Level 1:colcon.colcon_core.package_identification:_identify(src/control) by extension 'colcon_pkg'
[0.154s] Level 1:colcon.colcon_core.package_identification:_identify(src/control) by extensions ['colcon_meta']
[0.154s] Level 1:colcon.colcon_core.package_identification:_identify(src/control) by extension 'colcon_meta'
[0.154s] Level 1:colcon.colcon_core.package_identification:_identify(src/control) by extensions ['ros']
[0.154s] Level 1:colcon.colcon_core.package_identification:_identify(src/control) by extension 'ros'
[0.154s] Level 1:colcon.colcon_core.package_identification:_identify(src/control) by extensions ['cmake', 'python']
[0.154s] Level 1:colcon.colcon_core.package_identification:_identify(src/control) by extension 'cmake'
[0.154s] Level 1:colcon.colcon_core.package_identification:_identify(src/control) by extension 'python'
[0.154s] Level 1:colcon.colcon_core.package_identification:_identify(src/control) by extensions ['python_setup_py']
[0.154s] Level 1:colcon.colcon_core.package_identification:_identify(src/control) by extension 'python_setup_py'
[0.154s] Level 1:colcon.colcon_core.package_identification:_identify(tmp) by extensions ['ignore', 'ignore_ament_install']
[0.154s] Level 1:colcon.colcon_core.package_identification:_identify(tmp) by extension 'ignore'
[0.154s] Level 1:colcon.colcon_core.package_identification:_identify(tmp) by extension 'ignore_ament_install'
[0.154s] Level 1:colcon.colcon_core.package_identification:_identify(tmp) by extensions ['colcon_pkg']
[0.154s] Level 1:colcon.colcon_core.package_identification:_identify(tmp) by extension 'colcon_pkg'
[0.154s] Level 1:colcon.colcon_core.package_identification:_identify(tmp) by extensions ['colcon_meta']
[0.154s] Level 1:colcon.colcon_core.package_identification:_identify(tmp) by extension 'colcon_meta'
[0.154s] Level 1:colcon.colcon_core.package_identification:_identify(tmp) by extensions ['ros']
[0.154s] Level 1:colcon.colcon_core.package_identification:_identify(tmp) by extension 'ros'
[0.154s] Level 1:colcon.colcon_core.package_identification:_identify(tmp) by extensions ['cmake', 'python']
[0.154s] Level 1:colcon.colcon_core.package_identification:_identify(tmp) by extension 'cmake'
[0.154s] Level 1:colcon.colcon_core.package_identification:_identify(tmp) by extension 'python'
[0.154s] Level 1:colcon.colcon_core.package_identification:_identify(tmp) by extensions ['python_setup_py']
[0.154s] Level 1:colcon.colcon_core.package_identification:_identify(tmp) by extension 'python_setup_py'
[0.154s] Level 1:colcon.colcon_core.package_identification:_identify(tmp/docs) by extensions ['ignore', 'ignore_ament_install']
[0.154s] Level 1:colcon.colcon_core.package_identification:_identify(tmp/docs) by extension 'ignore'
[0.154s] Level 1:colcon.colcon_core.package_identification:_identify(tmp/docs) by extension 'ignore_ament_install'
[0.155s] Level 1:colcon.colcon_core.package_identification:_identify(tmp/docs) by extensions ['colcon_pkg']
[0.155s] Level 1:colcon.colcon_core.package_identification:_identify(tmp/docs) by extension 'colcon_pkg'
[0.155s] Level 1:colcon.colcon_core.package_identification:_identify(tmp/docs) by extensions ['colcon_meta']
[0.155s] Level 1:colcon.colcon_core.package_identification:_identify(tmp/docs) by extension 'colcon_meta'
[0.155s] Level 1:colcon.colcon_core.package_identification:_identify(tmp/docs) by extensions ['ros']
[0.155s] Level 1:colcon.colcon_core.package_identification:_identify(tmp/docs) by extension 'ros'
[0.155s] Level 1:colcon.colcon_core.package_identification:_identify(tmp/docs) by extensions ['cmake', 'python']
[0.155s] Level 1:colcon.colcon_core.package_identification:_identify(tmp/docs) by extension 'cmake'
[0.155s] Level 1:colcon.colcon_core.package_identification:_identify(tmp/docs) by extension 'python'
[0.155s] Level 1:colcon.colcon_core.package_identification:_identify(tmp/docs) by extensions ['python_setup_py']
[0.155s] Level 1:colcon.colcon_core.package_identification:_identify(tmp/docs) by extension 'python_setup_py'
[0.155s] Level 1:colcon.colcon_core.package_identification:_identify(to_human) by extensions ['ignore', 'ignore_ament_install']
[0.155s] Level 1:colcon.colcon_core.package_identification:_identify(to_human) by extension 'ignore'
[0.155s] Level 1:colcon.colcon_core.package_identification:_identify(to_human) by extension 'ignore_ament_install'
[0.155s] Level 1:colcon.colcon_core.package_identification:_identify(to_human) by extensions ['colcon_pkg']
[0.155s] Level 1:colcon.colcon_core.package_identification:_identify(to_human) by extension 'colcon_pkg'
[0.155s] Level 1:colcon.colcon_core.package_identification:_identify(to_human) by extensions ['colcon_meta']
[0.155s] Level 1:colcon.colcon_core.package_identification:_identify(to_human) by extension 'colcon_meta'
[0.155s] Level 1:colcon.colcon_core.package_identification:_identify(to_human) by extensions ['ros']
[0.155s] Level 1:colcon.colcon_core.package_identification:_identify(to_human) by extension 'ros'
[0.155s] Level 1:colcon.colcon_core.package_identification:_identify(to_human) by extensions ['cmake', 'python']
[0.155s] Level 1:colcon.colcon_core.package_identification:_identify(to_human) by extension 'cmake'
[0.155s] Level 1:colcon.colcon_core.package_identification:_identify(to_human) by extension 'python'
[0.155s] Level 1:colcon.colcon_core.package_identification:_identify(to_human) by extensions ['python_setup_py']
[0.155s] Level 1:colcon.colcon_core.package_identification:_identify(to_human) by extension 'python_setup_py'
[0.155s] Level 1:colcon.colcon_core.package_discovery:discover_packages(recursive) using defaults
[0.155s] Level 1:colcon.colcon_core.package_discovery:discover_packages(ignore) discover
[0.155s] Level 1:colcon.colcon_core.package_discovery:discover_packages(ignore) using defaults
[0.155s] Level 1:colcon.colcon_core.package_discovery:discover_packages(path) discover
[0.155s] Level 1:colcon.colcon_core.package_discovery:discover_packages(path) using defaults
