[0.319s] Invoking command in '/home/lsx/Graduation/src/Gradua': PYTHONPATH=/home/lsx/Graduation/build/gradua/prefix_override:/usr/lib/python3/dist-packages/colcon_core/task/python/colcon_distutils_commands:/home/lsx/Graduation/install/gradua/lib/python3.10/site-packages:${PYTHONPATH} /usr/bin/python3 -W ignore:setup.py install is deprecated -W ignore:easy_install command is deprecated setup.py egg_info --egg-base ../../build/gradua build --build-base /home/lsx/Graduation/build/gradua/build install --record /home/lsx/Graduation/build/gradua/install.log --single-version-externally-managed install_data
[0.447s] running egg_info
[0.447s] writing ../../build/gradua/gradua.egg-info/PKG-INFO
[0.447s] writing dependency_links to ../../build/gradua/gradua.egg-info/dependency_links.txt
[0.447s] writing entry points to ../../build/gradua/gradua.egg-info/entry_points.txt
[0.447s] writing requirements to ../../build/gradua/gradua.egg-info/requires.txt
[0.447s] writing top-level names to ../../build/gradua/gradua.egg-info/top_level.txt
[0.448s] reading manifest file '../../build/gradua/gradua.egg-info/SOURCES.txt'
[0.448s] writing manifest file '../../build/gradua/gradua.egg-info/SOURCES.txt'
[0.449s] running build
[0.449s] running build_py
[0.449s] copying gradua/fast_undistort.py -> /home/lsx/Graduation/build/gradua/build/lib/gradua
[0.449s] running install
[0.449s] running install_lib
[0.449s] copying /home/lsx/Graduation/build/gradua/build/lib/gradua/fast_undistort.py -> /home/lsx/Graduation/install/gradua/lib/python3.10/site-packages/gradua
[0.450s] byte-compiling /home/lsx/Graduation/install/gradua/lib/python3.10/site-packages/gradua/fast_undistort.py to fast_undistort.cpython-310.pyc
[0.451s] running install_data
[0.451s] running install_egg_info
[0.453s] removing '/home/lsx/Graduation/install/gradua/lib/python3.10/site-packages/gradua-0.0.1-py3.10.egg-info' (and everything under it)
[0.453s] Copying ../../build/gradua/gradua.egg-info to /home/lsx/Graduation/install/gradua/lib/python3.10/site-packages/gradua-0.0.1-py3.10.egg-info
[0.454s] running install_scripts
[0.467s] Installing camera_preview script to /home/lsx/Graduation/install/gradua/lib/gradua
[0.467s] Installing fast_undistort script to /home/lsx/Graduation/install/gradua/lib/gradua
[0.467s] Installing undistort_preview script to /home/lsx/Graduation/install/gradua/lib/gradua
[0.468s] writing list of installed files to '/home/lsx/Graduation/build/gradua/install.log'
[0.480s] Invoked command in '/home/lsx/Graduation/src/Gradua' returned '0': PYTHONPATH=/home/lsx/Graduation/build/gradua/prefix_override:/usr/lib/python3/dist-packages/colcon_core/task/python/colcon_distutils_commands:/home/lsx/Graduation/install/gradua/lib/python3.10/site-packages:${PYTHONPATH} /usr/bin/python3 -W ignore:setup.py install is deprecated -W ignore:easy_install command is deprecated setup.py egg_info --egg-base ../../build/gradua build --build-base /home/lsx/Graduation/build/gradua/build install --record /home/lsx/Graduation/build/gradua/install.log --single-version-externally-managed install_data
