[0.308s] Invoking command in '/home/lsx/Graduation/src/Gradua': PYTHONPATH=/home/lsx/Graduation/build/gradua/prefix_override:/usr/lib/python3/dist-packages/colcon_core/task/python/colcon_distutils_commands:/home/lsx/Graduation/install/gradua/lib/python3.10/site-packages:${PYTHONPATH} /usr/bin/python3 -W ignore:setup.py install is deprecated -W ignore:easy_install command is deprecated setup.py egg_info --egg-base ../../build/gradua build --build-base /home/lsx/Graduation/build/gradua/build install --record /home/lsx/Graduation/build/gradua/install.log --single-version-externally-managed install_data
[0.427s] running egg_info
[0.427s] writing ../../build/gradua/gradua.egg-info/PKG-INFO
[0.427s] writing dependency_links to ../../build/gradua/gradua.egg-info/dependency_links.txt
[0.427s] writing entry points to ../../build/gradua/gradua.egg-info/entry_points.txt
[0.427s] writing requirements to ../../build/gradua/gradua.egg-info/requires.txt
[0.427s] writing top-level names to ../../build/gradua/gradua.egg-info/top_level.txt
[0.428s] reading manifest file '../../build/gradua/gradua.egg-info/SOURCES.txt'
[0.428s] writing manifest file '../../build/gradua/gradua.egg-info/SOURCES.txt'
[0.428s] running build
[0.428s] running build_py
[0.428s] running install
[0.429s] running install_lib
[0.429s] running install_data
[0.429s] running install_egg_info
[0.431s] removing '/home/lsx/Graduation/install/gradua/lib/python3.10/site-packages/gradua-0.0.1-py3.10.egg-info' (and everything under it)
[0.431s] Copying ../../build/gradua/gradua.egg-info to /home/lsx/Graduation/install/gradua/lib/python3.10/site-packages/gradua-0.0.1-py3.10.egg-info
[0.431s] running install_scripts
[0.445s] Installing camera_preview script to /home/lsx/Graduation/install/gradua/lib/gradua
[0.445s] writing list of installed files to '/home/lsx/Graduation/build/gradua/install.log'
[0.458s] Invoked command in '/home/lsx/Graduation/src/Gradua' returned '0': PYTHONPATH=/home/lsx/Graduation/build/gradua/prefix_override:/usr/lib/python3/dist-packages/colcon_core/task/python/colcon_distutils_commands:/home/lsx/Graduation/install/gradua/lib/python3.10/site-packages:${PYTHONPATH} /usr/bin/python3 -W ignore:setup.py install is deprecated -W ignore:easy_install command is deprecated setup.py egg_info --egg-base ../../build/gradua build --build-base /home/lsx/Graduation/build/gradua/build install --record /home/lsx/Graduation/build/gradua/install.log --single-version-externally-managed install_data
