/home/lsx/Graduation/install/gradua/lib/python3.10/site-packages/gradua/fast_undistort.py
/home/lsx/Graduation/install/gradua/lib/python3.10/site-packages/gradua/camera_preview_node.py
/home/lsx/Graduation/install/gradua/lib/python3.10/site-packages/gradua/__init__.py
/home/lsx/Graduation/install/gradua/lib/python3.10/site-packages/gradua/undistort_preview_node.py
/home/lsx/Graduation/install/gradua/lib/python3.10/site-packages/gradua/__pycache__/fast_undistort.cpython-310.pyc
/home/lsx/Graduation/install/gradua/lib/python3.10/site-packages/gradua/__pycache__/camera_preview_node.cpython-310.pyc
/home/lsx/Graduation/install/gradua/lib/python3.10/site-packages/gradua/__pycache__/__init__.cpython-310.pyc
/home/lsx/Graduation/install/gradua/lib/python3.10/site-packages/gradua/__pycache__/undistort_preview_node.cpython-310.pyc
/home/lsx/Graduation/install/gradua/share/ament_index/resource_index/packages/gradua
/home/lsx/Graduation/install/gradua/share/gradua/package.xml
/home/lsx/Graduation/install/gradua/share/gradua/launch/camera_preview.launch.py
/home/lsx/Graduation/install/gradua/share/gradua/launch/undistort_preview.launch.py
/home/lsx/Graduation/install/gradua/lib/python3.10/site-packages/gradua-0.0.1-py3.10.egg-info/SOURCES.txt
/home/lsx/Graduation/install/gradua/lib/python3.10/site-packages/gradua-0.0.1-py3.10.egg-info/entry_points.txt
/home/lsx/Graduation/install/gradua/lib/python3.10/site-packages/gradua-0.0.1-py3.10.egg-info/PKG-INFO
/home/lsx/Graduation/install/gradua/lib/python3.10/site-packages/gradua-0.0.1-py3.10.egg-info/dependency_links.txt
/home/lsx/Graduation/install/gradua/lib/python3.10/site-packages/gradua-0.0.1-py3.10.egg-info/top_level.txt
/home/lsx/Graduation/install/gradua/lib/python3.10/site-packages/gradua-0.0.1-py3.10.egg-info/requires.txt
/home/lsx/Graduation/install/gradua/lib/python3.10/site-packages/gradua-0.0.1-py3.10.egg-info/zip-safe
/home/lsx/Graduation/install/gradua/lib/gradua/camera_preview
/home/lsx/Graduation/install/gradua/lib/gradua/fast_undistort
/home/lsx/Graduation/install/gradua/lib/gradua/undistort_preview
